<?xml version="1.0" encoding="UTF-8"?>
<!-- Generated by org.testng.reporters.JUnitReportReporter -->
<testsuite hostname="DESKTOP-UDE6C30" failures="0" tests="1" name="tests.Two" time="109.276" errors="0" timestamp="2024-03-16T17:21:35 EDT" skipped="0">
  <testcase classname="tests.Two" name="testTwo" time="109.276"/>
</testsuite> <!-- tests.Two -->
